<?xml version="1.0" encoding="UTF-8"?>
<!-- Generated by org.testng.reporters.JUnitXMLReporter -->
<testsuite ignored="0" hostname="bruce" failures="0" tests="2" name="BankingApp Test" time="52.345" errors="0" timestamp="2023-08-21T13:21:02 IST">
  <testcase classname="com.inetbankingV1.testCases.TC_Addcustomer_003" name="addnewcustomer" time="25.994"/>
  <testcase classname="com.inetbankingV1.testCases.TC_RetrivingSucessfullCustDetailsTest_004" name="TC_RetrivingSucessfullCustDetailsTest_004" time="18.234"/>
</testsuite> <!-- BankingApp Test -->
