<?xml version="1.0" encoding="UTF-8"?>
<testng-results ignored="0" total="2" passed="2" failed="0" skipped="0">
  <reporter-output>
  </reporter-output>
  <suite started-at="2023-08-21T13:20:10 IST" name="inetbankingV1" finished-at="2023-08-21T13:21:02 IST" duration-ms="52345">
    <groups>
    </groups>
    <test started-at="2023-08-21T13:20:10 IST" name="BankingApp Test" finished-at="2023-08-21T13:21:02 IST" duration-ms="52345">
      <class name="com.inetbankingV1.testCases.TC_RetrivingSucessfullCustDetailsTest_004">
        <test-method is-config="true" signature="setup(java.lang.String)[pri:0, instance:com.inetbankingV1.testCases.TC_RetrivingSucessfullCustDetailsTest_004@1a4927d6]" started-at="2023-08-21T13:20:10 IST" name="setup" finished-at="2023-08-21T13:20:17 IST" duration-ms="7332" status="PASS">
          <params>
            <param index="0">
              <value>
                <![CDATA[chrome]]>
              </value>
            </param>
          </params>
          <reporter-output>
          </reporter-output>
        </test-method> <!-- setup -->
        <test-method signature="addnewcustomer()[pri:0, instance:com.inetbankingV1.testCases.TC_RetrivingSucessfullCustDetailsTest_004@1a4927d6]" started-at="2023-08-21T13:20:17 IST" name="addnewcustomer" finished-at="2023-08-21T13:20:43 IST" duration-ms="25994" status="PASS">
          <reporter-output>
          </reporter-output>
        </test-method> <!-- addnewcustomer -->
        <test-method signature="TC_RetrivingSucessfullCustDetailsTest_004()[pri:0, instance:com.inetbankingV1.testCases.TC_RetrivingSucessfullCustDetailsTest_004@1a4927d6]" started-at="2023-08-21T13:20:43 IST" name="TC_RetrivingSucessfullCustDetailsTest_004" finished-at="2023-08-21T13:21:02 IST" duration-ms="18234" status="PASS">
          <reporter-output>
          </reporter-output>
        </test-method> <!-- TC_RetrivingSucessfullCustDetailsTest_004 -->
        <test-method is-config="true" signature="teardown()[pri:0, instance:com.inetbankingV1.testCases.TC_RetrivingSucessfullCustDetailsTest_004@1a4927d6]" started-at="2023-08-21T13:21:02 IST" name="teardown" finished-at="2023-08-21T13:21:02 IST" duration-ms="322" status="PASS">
          <reporter-output>
          </reporter-output>
        </test-method> <!-- teardown -->
      </class> <!-- com.inetbankingV1.testCases.TC_RetrivingSucessfullCustDetailsTest_004 -->
    </test> <!-- BankingApp Test -->
  </suite> <!-- inetbankingV1 -->
</testng-results>
